0 info it worked if it ends with ok
1 verbose cli [ '/usr/local/Cellar/node/7.5.0/bin/node',
1 verbose cli   '/usr/local/bin/npm',
1 verbose cli   'run',
1 verbose cli   'app' ]
2 info using npm@4.1.2
3 info using node@v7.5.0
4 verbose run-script [ 'preapp', 'app', 'postapp' ]
5 info lifecycle comp308-w2017-lesson9a@0.0.1~preapp: comp308-w2017-lesson9a@0.0.1
6 silly lifecycle comp308-w2017-lesson9a@0.0.1~preapp: no script for preapp, continuing
7 info lifecycle comp308-w2017-lesson9a@0.0.1~app: comp308-w2017-lesson9a@0.0.1
8 verbose lifecycle comp308-w2017-lesson9a@0.0.1~app: unsafe-perm in lifecycle true
9 verbose lifecycle comp308-w2017-lesson9a@0.0.1~app: PATH: /usr/local/lib/node_modules/npm/bin/node-gyp-bin:/Users/thomas/Desktop/COMP308/COMP308-W2017-Lesson9A/node_modules/.bin:/usr/local/lib/node_modules/npm/bin/node-gyp-bin:/Users/thomas/Desktop/COMP308/COMP308-W2017-Lesson9A/node_modules/.bin:/Users/thomas/.rvm/gems/ruby-2.3.0/bin:/Users/thomas/.rvm/gems/ruby-2.3.0@global/bin:/Users/thomas/.rvm/rubies/ruby-2.3.0/bin:/usr/local/bin:/usr/bin:/bin:/usr/sbin:/sbin:/opt/X11/bin:/usr/local/share/dotnet:/usr/local/git/bin:/Library/Frameworks/Mono.framework/Versions/Current/Commands:/Users/thomas/.dnx/runtimes/dnx-mono.1.0.0-rc1-update2/bin:/Users/thomas/.npm-packages/bin:/Users/thomas/Library/Android/sdk/tools:/Users/thomas/Library/Android/sdk/platform-tools:/Applications/Genymotion Shell.app/Contents/MacOS/:/Applications/Genymotion.app/Contents/MACOS/:/Users/thomas/.rvm/gems/ruby-2.3.0/bin:/Users/thomas/.rvm/gems/ruby-2.3.0@global/bin:/Users/thomas/.rvm/rubies/ruby-2.3.0/bin:/Users/thomas/.dnx/bin:/Users/thomas/.rvm/bin
10 verbose lifecycle comp308-w2017-lesson9a@0.0.1~app: CWD: /Users/thomas/Desktop/COMP308/COMP308-W2017-Lesson9A
11 silly lifecycle comp308-w2017-lesson9a@0.0.1~app: Args: [ '-c', 'node server.js' ]
12 silly lifecycle comp308-w2017-lesson9a@0.0.1~app: Returned: code: 1  signal: null
13 info lifecycle comp308-w2017-lesson9a@0.0.1~app: Failed to exec app script
14 verbose stack Error: comp308-w2017-lesson9a@0.0.1 app: `node server.js`
14 verbose stack Exit status 1
14 verbose stack     at EventEmitter.<anonymous> (/usr/local/lib/node_modules/npm/lib/utils/lifecycle.js:279:16)
14 verbose stack     at emitTwo (events.js:106:13)
14 verbose stack     at EventEmitter.emit (events.js:192:7)
14 verbose stack     at ChildProcess.<anonymous> (/usr/local/lib/node_modules/npm/lib/utils/spawn.js:40:14)
14 verbose stack     at emitTwo (events.js:106:13)
14 verbose stack     at ChildProcess.emit (events.js:192:7)
14 verbose stack     at maybeClose (internal/child_process.js:890:16)
14 verbose stack     at Process.ChildProcess._handle.onexit (internal/child_process.js:226:5)
15 verbose pkgid comp308-w2017-lesson9a@0.0.1
16 verbose cwd /Users/thomas/Desktop/COMP308/COMP308-W2017-Lesson9A
17 error Darwin 16.4.0
18 error argv "/usr/local/Cellar/node/7.5.0/bin/node" "/usr/local/bin/npm" "run" "app"
19 error node v7.5.0
20 error npm  v4.1.2
21 error code ELIFECYCLE
22 error comp308-w2017-lesson9a@0.0.1 app: `node server.js`
22 error Exit status 1
23 error Failed at the comp308-w2017-lesson9a@0.0.1 app script 'node server.js'.
23 error Make sure you have the latest version of node.js and npm installed.
23 error If you do, this is most likely a problem with the comp308-w2017-lesson9a package,
23 error not with npm itself.
23 error Tell the author that this fails on your system:
23 error     node server.js
23 error You can get information on how to open an issue for this project with:
23 error     npm bugs comp308-w2017-lesson9a
23 error Or if that isn't available, you can get their info via:
23 error     npm owner ls comp308-w2017-lesson9a
23 error There is likely additional logging output above.
24 verbose exit [ 1, true ]
